True
[     0      1      2 ... 166003 166004 166005]
True
[134447 127050  61385 ... 138469 102317 143135]
True
[    0     1     2 ... 54476 54478 54479]
True
[52284 14337 42430 ... 32633 39375  7465]
True
[   0    1    2 ... 1541 1542 1544]
True
[ 725 1088  786 ... 1188 1294 1057]
True
[   0    1    2 ... 1541 1542 1544]
True
[  26  786  290 ...  129 1083  226]
True
[   0    1    2 ... 1542 1543 1544]
True
[ 624 1470  448 ...  623  458  984]
True
[   0    1    2 ... 1542 1543 1544]
True
[1432  744  901 ...  893  396 1050]
True
[ 964  798  311 ... 1265 1277 1414]
True
[ 139  605  526 ...  175  327 1538]
True
[ 139  605  526 ...  175  327 1538]
True
[ 416  929  476 ...  995 1405 1400]
True
[ 416  929  476 ...  995 1405 1400]
True
[301 478 827 ... 801 935 566]
True
[301 478 827 ... 801 935 566]
True
[ 782  545 1355 ... 1071 1148  959]
True
[ 782  545 1355 ... 1071 1148  959]
True
[1003 1067  460 ...  638 1108  852]
True
[1003 1067  460 ...  638 1108  852]
True
[ 419  599  109 ... 1192 1144  270]
True
[ 419  599  109 ... 1192 1144  270]
True
[1220  189  118 ...  543 1071  814]
True
[1220  189  118 ...  543 1071  814]
True
[1029 1141  105 ...  679  187 1399]
True
[1029 1141  105 ...  679  187 1399]
True
[ 495 1147  444 ...  606  993 1475]
True
[ 495 1147  444 ...  606  993 1475]
True
[1291  232  998 ... 1018  752 1110]
True
[1291  232  998 ... 1018  752 1110]
True
[1160   53  837 ...   90  988  139]
True
[1160   53  837 ...   90  988  139]
True
[1121  397 1442 ...  348  395  918]
True
[1121  397 1442 ...  348  395  918]
True
[1342  956  776 ...  367  577  717]
True
[1342  956  776 ...  367  577  717]
True
[   0  923  672 ...  297  150 1145]
True
[   0  923  672 ...  297  150 1145]
True
[1528   57 1279 ...  738  206 1404]
True
[1528   57 1279 ...  738  206 1404]
True
[1018  380  965 ... 1459 1371 1021]
True
[1018  380  965 ... 1459 1371 1021]
True
[ 240 1335 1375 ...  327   67  845]
True
[ 240 1335 1375 ...  327   67  845]
True
[ 398  746 1016 ... 1250  179 1478]
True
[ 398  746 1016 ... 1250  179 1478]
True
[  80 1120 1175 ... 1080  148 1474]
True
[  80 1120 1175 ... 1080  148 1474]
True
[ 551 1178  631 ... 1486 1425 1138]
True
[119506  15373 137827 ...  78785 141394  19893]
True
[159791 162617 159607 ...  60417  21348 112927]
True
[159791 162617 159607 ...  60417  21348 112927]
True
[ 21001   3875  41968 ...  40878 144707  21227]
True
[ 21001   3875  41968 ...  40878 144707  21227]
True
[ 15274  39374  97064 ... 142992  67430  10705]
True
[ 15274  39374  97064 ... 142992  67430  10705]
True
[148347 137482  55763 ...  62474  28586  78417]
True
[119506  15373 137827 ...  78785 141394  19893]
True
[  5949  31900  84656 ... 157581 104929  29272]
True
[  5949  31900  84656 ... 157581 104929  29272]
True
[129463 110253 104140 ... 125188  59549 112090]
True
[129463 110253 104140 ... 125188  59549 112090]
True
[153179 119472  32292 ...  94027 163142  46572]
True
[119506  15373 137827 ...  78785 141394  19893]
True
[150403 129953 144806 ...  45652  59447  12620]
True
[150403 129953 144806 ...  45652  59447  12620]
True
[117719  85173  10170 ... 140450 136350   8333]
True
[117719  85173  10170 ... 140450 136350   8333]
True
[122696  75740  76376 ...  27132   5851  49433]
True
[122696  75740  76376 ...  27132   5851  49433]
True
[ 78823  49246 132640 ... 116995  16631  35712]
